# JRE version: OpenJDK Runtime Environment 18.9 (11.0.11+9) (build 11.0.11+9)
# Java VM: OpenJDK 64-Bit Server VM 18.9 (11.0.11+9, mixed mode, tiered, compressed oops, g1 gc, windows-amd64)
Heap:
 garbage-first heap   total 315392K, used 155430K [0x0000000740000000, 0x0000000800000000)
  region size 1024K, 24 young (24576K), 1 survivors (1024K)
 Metaspace       used 111777K, capacity 113507K, committed 115104K, reserved 1148928K
  class space    used 14810K, capacity 15570K, committed 16204K, reserved 1048576K
GC Heap History (20 events):
Event: 20192.706 GC heap before
{Heap before GC invocations=746 (full 243):
 garbage-first heap   total 315392K, used 192839K [0x0000000740000000, 0x0000000800000000)
  region size 1024K, 60 young (61440K), 1 survivors (1024K)
 Metaspace       used 111768K, capacity 113507K, committed 115104K, reserved 1148928K
  class space    used 14810K, capacity 15570K, committed 16204K, reserved 1048576K
}
Event: 20192.709 GC heap after
{Heap after GC invocations=747 (full 243):
 garbage-first heap   total 315392K, used 132451K [0x0000000740000000, 0x0000000800000000)
  region size 1024K, 1 young (1024K), 1 survivors (1024K)
 Metaspace       used 111768K, capacity 113507K, committed 115104K, reserved 1148928K
  class space    used 14810K, capacity 15570K, committed 16204K, reserved 1048576K
}
Event: 20206.863 GC heap before
{Heap before GC invocations=747 (full 243):
 garbage-first heap   total 315392K, used 192867K [0x0000000740000000, 0x0000000800000000)
  region size 1024K, 60 young (61440K), 1 survivors (1024K)
 Metaspace       used 111768K, capacity 113507K, committed 115104K, reserved 1148928K
  class space    used 14810K, capacity 15570K, committed 16204K, reserved 1048576K
}
Event: 20206.868 GC heap after
{Heap after GC invocations=748 (full 243):
 garbage-first heap   total 315392K, used 132378K [0x0000000740000000, 0x0000000800000000)
  region size 1024K, 1 young (1024K), 1 survivors (1024K)
 Metaspace       used 111768K, capacity 113507K, committed 115104K, reserved 1148928K
  class space    used 14810K, capacity 15570K, committed 16204K, reserved 1048576K
}
Event: 20225.060 GC heap before
{Heap before GC invocations=748 (full 243):
 garbage-first heap   total 315392K, used 192794K [0x0000000740000000, 0x0000000800000000)
  region size 1024K, 60 young (61440K), 1 survivors (1024K)
 Metaspace       used 111770K, capacity 113507K, committed 115104K, reserved 1148928K
  class space    used 14810K, capacity 15570K, committed 16204K, reserved 1048576K
}
Event: 20225.062 GC heap after
{Heap after GC invocations=749 (full 243):
 garbage-first heap   total 315392K, used 132548K [0x0000000740000000, 0x0000000800000000)
  region size 1024K, 1 young (1024K), 1 survivors (1024K)
 Metaspace       used 111770K, capacity 113507K, committed 115104K, reserved 1148928K
  class space    used 14810K, capacity 15570K, committed 16204K, reserved 1048576K
}
Event: 20243.406 GC heap before
{Heap before GC invocations=749 (full 243):
 garbage-first heap   total 315392K, used 192964K [0x0000000740000000, 0x0000000800000000)
  region size 1024K, 60 young (61440K), 1 survivors (1024K)
 Metaspace       used 111771K, capacity 113507K, committed 115104K, reserved 1148928K
  class space    used 14810K, capacity 15570K, committed 16204K, reserved 1048576K
}
Event: 20243.412 GC heap after
{Heap after GC invocations=750 (full 243):
 garbage-first heap   total 315392K, used 132650K [0x0000000740000000, 0x0000000800000000)
  region size 1024K, 1 young (1024K), 1 survivors (1024K)
 Metaspace       used 111771K, capacity 113507K, committed 115104K, reserved 1148928K
  class space    used 14810K, capacity 15570K, committed 16204K, reserved 1048576K
}
Event: 20309.281 GC heap before
{Heap before GC invocations=750 (full 243):
 garbage-first heap   total 315392K, used 193066K [0x0000000740000000, 0x0000000800000000)
  region size 1024K, 60 young (61440K), 1 survivors (1024K)
 Metaspace       used 111775K, capacity 113507K, committed 115104K, reserved 1148928K
  class space    used 14810K, capacity 15570K, committed 16204K, reserved 1048576K
}
Event: 20309.288 GC heap after
{Heap after GC invocations=751 (full 243):
 garbage-first heap   total 315392K, used 132782K [0x0000000740000000, 0x0000000800000000)
  region size 1024K, 1 young (1024K), 1 survivors (1024K)
 Metaspace       used 111775K, capacity 113507K, committed 115104K, reserved 1148928K
  class space    used 14810K, capacity 15570K, committed 16204K, reserved 1048576K
}
Event: 20377.436 GC heap before
{Heap before GC invocations=751 (full 243):
 garbage-first heap   total 315392K, used 193198K [0x0000000740000000, 0x0000000800000000)
  region size 1024K, 60 young (61440K), 1 survivors (1024K)
 Metaspace       used 111775K, capacity 113507K, committed 115104K, reserved 1148928K
  class space    used 14810K, capacity 15570K, committed 16204K, reserved 1048576K
}
Event: 20377.443 GC heap after
{Heap after GC invocations=752 (full 243):
 garbage-first heap   total 315392K, used 132849K [0x0000000740000000, 0x0000000800000000)
  region size 1024K, 1 young (1024K), 1 survivors (1024K)
 Metaspace       used 111775K, capacity 113507K, committed 115104K, reserved 1148928K
  class space    used 14810K, capacity 15570K, committed 16204K, reserved 1048576K
}
Event: 20418.179 GC heap before
{Heap before GC invocations=752 (full 243):
 garbage-first heap   total 315392K, used 193265K [0x0000000740000000, 0x0000000800000000)
  region size 1024K, 60 young (61440K), 1 survivors (1024K)
 Metaspace       used 111777K, capacity 113507K, committed 115104K, reserved 1148928K
  class space    used 14810K, capacity 15570K, committed 16204K, reserved 1048576K
}
Event: 20418.183 GC heap after
{Heap after GC invocations=753 (full 243):
 garbage-first heap   total 315392K, used 133064K [0x0000000740000000, 0x0000000800000000)
  region size 1024K, 2 young (2048K), 2 survivors (2048K)
 Metaspace       used 111777K, capacity 113507K, committed 115104K, reserved 1148928K
  class space    used 14810K, capacity 15570K, committed 16204K, reserved 1048576K
}
Event: 20435.299 GC heap before
{Heap before GC invocations=753 (full 243):
 garbage-first heap   total 315392K, used 192456K [0x0000000740000000, 0x0000000800000000)
  region size 1024K, 60 young (61440K), 2 survivors (2048K)
 Metaspace       used 111777K, capacity 113507K, committed 115104K, reserved 1148928K
  class space    used 14810K, capacity 15570K, committed 16204K, reserved 1048576K
}
Event: 20435.304 GC heap after
{Heap after GC invocations=754 (full 243):
 garbage-first heap   total 315392K, used 132989K [0x0000000740000000, 0x0000000800000000)
  region size 1024K, 2 young (2048K), 2 survivors (2048K)
 Metaspace       used 111777K, capacity 113507K, committed 115104K, reserved 1148928K
  class space    used 14810K, capacity 15570K, committed 16204K, reserved 1048576K
}
Event: 20436.592 GC heap before
{Heap before GC invocations=754 (full 243):
 garbage-first heap   total 315392K, used 192381K [0x0000000740000000, 0x0000000800000000)
  region size 1024K, 60 young (61440K), 2 survivors (2048K)
 Metaspace       used 111777K, capacity 113507K, committed 115104K, reserved 1148928K
  class space    used 14810K, capacity 15570K, committed 16204K, reserved 1048576K
}
Event: 20436.595 GC heap after
{Heap after GC invocations=755 (full 243):
 garbage-first heap   total 315392K, used 132886K [0x0000000740000000, 0x0000000800000000)
  region size 1024K, 1 young (1024K), 1 survivors (1024K)
 Metaspace       used 111777K, capacity 113507K, committed 115104K, reserved 1148928K
  class space    used 14810K, capacity 15570K, committed 16204K, reserved 1048576K
}
Event: 20439.646 GC heap before
{Heap before GC invocations=755 (full 243):
 garbage-first heap   total 315392K, used 193302K [0x0000000740000000, 0x0000000800000000)
  region size 1024K, 60 young (61440K), 1 survivors (1024K)
 Metaspace       used 111777K, capacity 113507K, committed 115104K, reserved 1148928K
  class space    used 14810K, capacity 15570K, committed 16204K, reserved 1048576K
}
Event: 20439.649 GC heap after
{Heap after GC invocations=756 (full 243):
 garbage-first heap   total 315392K, used 132902K [0x0000000740000000, 0x0000000800000000)
  region size 1024K, 1 young (1024K), 1 survivors (1024K)
 Metaspace       used 111777K, capacity 113507K, committed 115104K, reserved 1148928K
  class space    used 14810K, capacity 15570K, committed 16204K, reserved 1048576K
}

